#
# A fatal error has been detected by the Java Runtime Environment:
#
#  EXCEPTION_ACCESS_VIOLATION (0xc0000005) at pc=0x0000000050c2a6eb, pid=17188, tid=0x0000000000003f1c
#
# JRE version: Java(TM) SE Runtime Environment (8.0_191-b12) (build 1.8.0_191-b12)
# Java VM: Java HotSpot(TM) 64-Bit Server VM (25.191-b12 mixed mode windows-amd64 compressed oops)
# Problematic frame:
# V  [jvm.dll+0x14a6eb]
#
# Failed to write core dump. Minidumps are not enabled by default on client versions of Windows
#
# If you would like to submit a bug report, please visit:
#   http://bugreport.java.com/bugreport/crash.jsp
#

---------------  T H R E A D  ---------------

Current thread (0x00000000061ce000):  JavaThread "main" [_thread_in_vm, id=16156, stack(0x0000000001110000,0x0000000002510000)]

siginfo: ExceptionCode=0xc0000005, reading address 0x0000000000000000

Registers:
RAX=0x000000003a9553c8, RBX=0x00000001001eed28, RCX=0x0000000000000002, RDX=0x000000003a9553c0
RSP=0x0000000002505240, RBP=0x0000000000000006, RSI=0x00000000061ce1f8, RDI=0x00000000061ce000
R8 =0x0000000000000004, R9 =0x0000000000000000, R10=0x0000000000000298, R11=0x00000000061cedf8
R12=0x0000000000000000, R13=0x0000000002505348, R14=0x00000000025054b8, R15=0x00000000061ce000
RIP=0x0000000050c2a6eb, EFLAGS=0x0000000000010206

Top of Stack: (sp=0x0000000002505240)
0x0000000002505240:   00000000061ce1f8 00000001001eed28
0x0000000002505250:   0000000000000006 00000000061ce000
0x0000000002505260:   0000000000000001 00000001001eed28
0x0000000002505270:   00000000061cc830 0000000050cf8465
0x0000000002505280:   00000000061cc830 000000001477fff0
0x0000000002505290:   00000000061ce000 0000000000000000
0x00000000025052a0:   000000003a956e00 0000000050cf79dc
0x00000000025052b0:   000000003a9553c0 00000000061cc830
0x00000000025052c0:   000000003a9553c0 00000000001f8201
0x00000000025052d0:   00000000061ce000 0000000050c1ecc2
0x00000000025052e0:   0000000014605880 0000000000000005
0x00000000025052f0:   000000003a9553c0 00000000146e9df4
0x0000000002505300:   0000000000000006 00000000061ce1f8
0x0000000002505310:   0000000000000005 0000000014605880
0x0000000002505320:   000000003a9553c0 00000000146ecb34
0x0000000002505330:   00000000061ce1f8 0000000000000006 

Instructions: (pc=0x0000000050c2a6eb)
0x0000000050c2a6cb:   cf e8 0f 04 0e 00 33 c0 e9 dd 01 00 00 48 8b d0
0x0000000050c2a6db:   48 8b ce 48 89 ac 24 c0 00 00 00 e8 55 d2 0c 00
0x0000000050c2a6eb:   49 8b 0c 24 c7 44 24 40 0e 00 00 00 48 8b 51 08
0x0000000050c2a6fb:   48 8b e8 0f b7 4a 24 48 8b 52 08 48 8b 54 ca 50 


Register to memory mapping:

RAX=0x000000003a9553c8 is an unknown value
RBX=0x00000001001eed28 is pointing into metadata
RCX=0x0000000000000002 is an unknown value
RDX=0x000000003a9553c0 is an unknown value
RSP=0x0000000002505240 is pointing into the stack for thread: 0x00000000061ce000
RBP=0x0000000000000006 is an unknown value
RSI=0x00000000061ce1f8 is an unknown value
RDI=0x00000000061ce000 is a thread
R8 =0x0000000000000004 is an unknown value
R9 =0x0000000000000000 is an unknown value
R10=0x0000000000000298 is an unknown value
R11=0x00000000061cedf8 is an unknown value
R12=0x0000000000000000 is an unknown value
R13=0x0000000002505348 is pointing into the stack for thread: 0x00000000061ce000
R14=0x00000000025054b8 is pointing into the stack for thread: 0x00000000061ce000
R15=0x00000000061ce000 is a thread


Stack: [0x0000000001110000,0x0000000002510000],  sp=0x0000000002505240,  free space=20436k
Native frames: (J=compiled Java code, j=interpreted, Vv=VM code, C=native code)
V  [jvm.dll+0x14a6eb]
C  0x00000000146e9df4
C  0x00000000146ecb34
C  0x00000000146ecbf2
C  0x000000001a998c67

Java frames: (J=compiled Java code, j=interpreted, Vv=VM code)
j  sun.awt.windows.ThemeReader.getThemeMargins(JIII)Ljava/awt/Insets;+0
j  sun.awt.windows.ThemeReader.getThemeMargins(Ljava/lang/String;III)Ljava/awt/Insets;+18
j  com.sun.java.swing.plaf.windows.XPStyle.getMargin(Ljava/awt/Component;Lcom/sun/java/swing/plaf/windows/TMSchema$Part;Lcom/sun/java/swing/plaf/windows/TMSchema$State;Lcom/sun/java/swing/plaf/windows/TMSchema$Prop;)Ljava/awt/Insets;+19
j  com.sun.java.swing.plaf.windows.XPStyle.getBorder(Ljava/awt/Component;Lcom/sun/java/swing/plaf/windows/TMSchema$Part;)Ljavax/swing/border/Border;+169
j  com.sun.java.swing.plaf.windows.WindowsLookAndFeel$XPBorderValue.getXPValue(Ljavax/swing/UIDefaults;)Ljava/lang/Object;+17
j  com.sun.java.swing.plaf.windows.WindowsLookAndFeel$XPValue.createValue(Ljavax/swing/UIDefaults;)Ljava/lang/Object;+10
J 3178 C1 javax.swing.UIDefaults.getFromHashtable(Ljava/lang/Object;)Ljava/lang/Object; (239 bytes) @ 0x000000001adff4bc [0x000000001adfe100+0x13bc]
J 3188 C1 javax.swing.UIDefaults.get(Ljava/lang/Object;)Ljava/lang/Object; (21 bytes) @ 0x000000001ae3a994 [0x000000001ae3a900+0x94]
j  javax.swing.MultiUIDefaults.get(Ljava/lang/Object;)Ljava/lang/Object;+45
j  javax.swing.UIDefaults.getBorder(Ljava/lang/Object;)Ljavax/swing/border/Border;+2
j  javax.swing.UIManager.getBorder(Ljava/lang/Object;)Ljavax/swing/border/Border;+4
j  javax.swing.LookAndFeel.installBorder(Ljavax/swing/JComponent;Ljava/lang/String;)V+18
j  javax.swing.plaf.basic.BasicButtonUI.installDefaults(Ljavax/swing/AbstractButton;)V+183
j  com.sun.java.swing.plaf.windows.WindowsButtonUI.installDefaults(Ljavax/swing/AbstractButton;)V+2
j  javax.swing.plaf.basic.BasicButtonUI.installUI(Ljavax/swing/JComponent;)V+5
j  javax.swing.JComponent.setUI(Ljavax/swing/plaf/ComponentUI;)V+39
j  javax.swing.AbstractButton.setUI(Ljavax/swing/plaf/ButtonUI;)V+2
j  javax.swing.JButton.updateUI()V+8
j  javax.swing.AbstractButton.init(Ljava/lang/String;Ljavax/swing/Icon;)V+19
j  javax.swing.JButton.<init>(Ljava/lang/String;Ljavax/swing/Icon;)V+18
j  javax.swing.JButton.<init>()V+3
j  javax.swing.plaf.basic.BasicArrowButton.<init>(ILjava/awt/Color;Ljava/awt/Color;Ljava/awt/Color;Ljava/awt/Color;)V+1
j  com.sun.java.swing.plaf.windows.WindowsScrollBarUI$WindowsArrowButton.<init>(Lcom/sun/java/swing/plaf/windows/WindowsScrollBarUI;ILjava/awt/Color;Ljava/awt/Color;Ljava/awt/Color;Ljava/awt/Color;)V+14
j  com.sun.java.swing.plaf.windows.WindowsScrollBarUI.createIncreaseButton(I)Ljavax/swing/JButton;+26
j  javax.swing.plaf.basic.BasicScrollBarUI.installComponents()V+35
j  javax.swing.plaf.basic.BasicScrollBarUI.installUI(Ljavax/swing/JComponent;)V+43
j  javax.swing.JComponent.setUI(Ljavax/swing/plaf/ComponentUI;)V+39
j  javax.swing.JScrollBar.setUI(Ljavax/swing/plaf/ScrollBarUI;)V+2
j  javax.swing.JScrollBar.updateUI()V+8
j  javax.swing.JScrollBar.<init>(IIIII)V+81
j  javax.swing.JScrollBar.<init>(I)V+8
j  javax.swing.JScrollPane$ScrollBar.<init>(Ljavax/swing/JScrollPane;I)V+7
j  javax.swing.JScrollPane.createVerticalScrollBar()Ljavax/swing/JScrollBar;+6
j  javax.swing.JScrollPane.<init>(Ljava/awt/Component;II)V+52
j  javax.swing.JScrollPane.<init>(Ljava/awt/Component;)V+6
j  sun.swing.FilePane.createList()Ljavax/swing/JPanel;+152
j  com.sun.java.swing.plaf.windows.WindowsFileChooserUI.createList(Ljavax/swing/JFileChooser;)Ljavax/swing/JPanel;+4
j  com.sun.java.swing.plaf.windows.WindowsFileChooserUI$WindowsFileChooserUIAccessor.createList()Ljavax/swing/JPanel;+8
j  sun.swing.FilePane.setViewType(I)V+65
j  sun.swing.FilePane.propertyChange(Ljava/beans/PropertyChangeEvent;)V+10
j  java.beans.PropertyChangeSupport.fire([Ljava/beans/PropertyChangeListener;Ljava/beans/PropertyChangeEvent;)V+27
j  java.beans.PropertyChangeSupport.firePropertyChange(Ljava/beans/PropertyChangeEvent;)V+71
j  java.beans.PropertyChangeSupport.firePropertyChange(Ljava/lang/String;Ljava/lang/Object;Ljava/lang/Object;)V+31
j  java.awt.Component.firePropertyChange(Ljava/lang/String;Ljava/lang/Object;Ljava/lang/Object;)V+55
j  javax.swing.JComponent.setBorder(Ljavax/swing/border/Border;)V+15
j  com.sun.java.swing.plaf.windows.WindowsFileChooserUI.installComponents(Ljavax/swing/JFileChooser;)V+48
j  javax.swing.plaf.basic.BasicFileChooserUI.installUI(Ljavax/swing/JComponent;)V+47
j  com.sun.java.swing.plaf.windows.WindowsFileChooserUI.installUI(Ljavax/swing/JComponent;)V+2
j  javax.swing.JComponent.setUI(Ljavax/swing/plaf/ComponentUI;)V+39
j  javax.swing.JFileChooser.updateUI()V+40
j  javax.swing.JFileChooser.setup(Ljavax/swing/filechooser/FileSystemView;)V+22
j  javax.swing.JFileChooser.<init>(Ljava/io/File;Ljavax/swing/filechooser/FileSystemView;)V+123
j  javax.swing.JFileChooser.<init>()V+9
j  rjavautils.rJavaFileChooser.<init>()V+1
v  ~StubRoutines::call_stub
J 1324  sun.reflect.NativeConstructorAccessorImpl.newInstance0(Ljava/lang/reflect/Constructor;[Ljava/lang/Object;)Ljava/lang/Object; (0 bytes) @ 0x000000001ae71066 [0x000000001ae71000+0x66]
J 1323 C1 sun.reflect.NativeConstructorAccessorImpl.newInstance([Ljava/lang/Object;)Ljava/lang/Object; (89 bytes) @ 0x000000001ae7081c [0x000000001ae704a0+0x37c]
J 902 C1 sun.reflect.DelegatingConstructorAccessorImpl.newInstance([Ljava/lang/Object;)Ljava/lang/Object; (9 bytes) @ 0x000000001ad43384 [0x000000001ad43280+0x104]
J 727 C1 java.lang.reflect.Constructor.newInstance([Ljava/lang/Object;)Ljava/lang/Object; (87 bytes) @ 0x000000001acb600c [0x000000001acb5b40+0x4cc]
j  RJavaTools.newInstance(Ljava/lang/Class;[Ljava/lang/Object;[Ljava/lang/Class;)Ljava/lang/Object;+61
v  ~StubRoutines::call_stub

---------------  P R O C E S S  ---------------

Java Threads: ( => current thread )
  0x0000000042837000 JavaThread "Swing-Shell" daemon [_thread_blocked, id=9184, stack(0x00000000bffa0000,0x00000000c13a0000)]
  0x0000000041ee0000 JavaThread "Image Fetcher 0" daemon [_thread_blocked, id=13744, stack(0x00000000bc3a0000,0x00000000bd7a0000)]
  0x000000003a9d7000 JavaThread "AWT-Windows" daemon [_thread_in_native, id=12688, stack(0x00000000beba0000,0x00000000bffa0000)]
  0x00000000410a5000 JavaThread "Java2D Disposer" daemon [_thread_blocked, id=19772, stack(0x00000000bafa0000,0x00000000bc3a0000)]
  0x00000000309fc000 JavaThread "Service Thread" daemon [_thread_blocked, id=12300, stack(0x000000003ab00000,0x000000003bf00000)]
  0x00000000309a3800 JavaThread "C1 CompilerThread2" daemon [_thread_blocked, id=17316, stack(0x0000000039300000,0x000000003a700000)]
  0x00000000309a1000 JavaThread "C2 CompilerThread1" daemon [_thread_blocked, id=7148, stack(0x0000000037f00000,0x0000000039300000)]
  0x000000003099c000 JavaThread "C2 CompilerThread0" daemon [_thread_blocked, id=6312, stack(0x0000000036b00000,0x0000000037f00000)]
  0x000000003099b000 JavaThread "Attach Listener" daemon [_thread_blocked, id=10116, stack(0x0000000035700000,0x0000000036b00000)]
  0x000000001a978800 JavaThread "Finalizer" daemon [_thread_blocked, id=5528, stack(0x0000000034200000,0x0000000035600000)]
  0x000000001a973000 JavaThread "Reference Handler" daemon [_thread_blocked, id=23648, stack(0x0000000032e00000,0x0000000034200000)]
=>0x00000000061ce000 JavaThread "main" [_thread_in_vm, id=16156, stack(0x0000000001110000,0x0000000002510000)]

Other Threads:
  0x0000000030967000 VMThread [stack: 0x0000000031a00000,0x0000000032e00000] [id=25336]
  0x000000003a736800 WatcherThread [stack: 0x000000003bf00000,0x000000003d300000] [id=4472]

VM state:not at safepoint (normal execution)

VM Mutex/Monitor currently owned by a thread: None

Heap:
 PSYoungGen      total 137728K, used 63097K [0x00000000f5580000, 0x0000000100000000, 0x0000000100000000)
  eden space 100864K, 26% used [0x00000000f5580000,0x00000000f6f24928,0x00000000fb800000)
  from space 36864K, 99% used [0x00000000fb800000,0x00000000fdbf9d30,0x00000000fdc00000)
  to   space 36864K, 0% used [0x00000000fdc00000,0x00000000fdc00000,0x0000000100000000)
 ParOldGen       total 86016K, used 67521K [0x00000000e0000000, 0x00000000e5400000, 0x00000000f5580000)
  object space 86016K, 78% used [0x00000000e0000000,0x00000000e41f0430,0x00000000e5400000)
 Metaspace       used 19608K, capacity 19856K, committed 20224K, reserved 1067008K
  class space    used 2392K, capacity 2477K, committed 2560K, reserved 1048576K

Card table byte_map: [0x0000000029d40000,0x0000000029e50000] byte_map_base: 0x0000000029640000

Marking Bits: (ParMarkBitMap*) 0x0000000051303e30
 Begin Bits: [0x000000002ef00000, 0x000000002f700000)
 End Bits:   [0x000000002f700000, 0x000000002ff00000)

Polling page: 0x0000000006250000

CodeCache: size=245760Kb used=8964Kb max_used=10697Kb free=236795Kb
 bounds [0x000000001a980000, 0x000000001b410000, 0x0000000029980000]
 total_blobs=3064 nmethods=2537 adapters=439
 compilation: enabled

Compilation events (10 events):
Event: 3777.628 Thread 0x00000000309a3800 nmethod 3208 0x000000001acb8610 code [0x000000001acb8800, 0x000000001acb9218]
Event: 3777.628 Thread 0x00000000309a3800 3209       3       java.util.Arrays::binarySearch (10 bytes)
Event: 3777.628 Thread 0x00000000309a3800 nmethod 3209 0x000000001b0dd410 code [0x000000001b0dd580, 0x000000001b0dd708]
Event: 3777.628 Thread 0x00000000309a3800 3210       1       sun.java2d.loops.SurfaceType::getSuperType (5 bytes)
Event: 3777.628 Thread 0x00000000309a3800 nmethod 3210 0x000000001acb8350 code [0x000000001acb84a0, 0x000000001acb85b0]
Event: 3777.628 Thread 0x00000000309a1000 nmethod 3211 0x000000001acb8010 code [0x000000001acb8160, 0x000000001acb8238]
Event: 3777.629 Thread 0x00000000309a3800 3212       1       java.awt.image.SampleModel::getNumBands (5 bytes)
Event: 3777.629 Thread 0x00000000309a3800 nmethod 3212 0x000000001b02c850 code [0x000000001b02c9a0, 0x000000001b02cab0]
Event: 3777.629 Thread 0x00000000309a3800 3213       1       sun.java2d.SunGraphics2D::getSurfaceData (5 bytes)
Event: 3777.629 Thread 0x00000000309a3800 nmethod 3213 0x000000001b02c590 code [0x000000001b02c6e0, 0x000000001b02c7f0]

GC Heap History (10 events):
Event: 4.213 GC heap before
{Heap before GC invocations=5 (full 0):
 PSYoungGen      total 70656K, used 70642K [0x00000000f5580000, 0x00000000f9f80000, 0x0000000100000000)
  eden space 65536K, 100% used [0x00000000f5580000,0x00000000f9580000,0x00000000f9580000)
  from space 5120K, 99% used [0x00000000f9a80000,0x00000000f9f7c840,0x00000000f9f80000)
  to   space 5120K, 0% used [0x00000000f9580000,0x00000000f9580000,0x00000000f9a80000)
 ParOldGen       total 86016K, used 19983K [0x00000000e0000000, 0x00000000e5400000, 0x00000000f5580000)
  object space 86016K, 23% used [0x00000000e0000000,0x00000000e1383e20,0x00000000e5400000)
 Metaspace       used 13465K, capacity 13704K, committed 14080K, reserved 1060864K
  class space    used 1602K, capacity 1672K, committed 1792K, reserved 1048576K
Event: 4.232 GC heap after
Heap after GC invocations=5 (full 0):
 PSYoungGen      total 70656K, used 5090K [0x00000000f5580000, 0x00000000ffd80000, 0x0000000100000000)
  eden space 65536K, 0% used [0x00000000f5580000,0x00000000f5580000,0x00000000f9580000)
  from space 5120K, 99% used [0x00000000f9580000,0x00000000f9a78850,0x00000000f9a80000)
  to   space 20480K, 0% used [0x00000000fe980000,0x00000000fe980000,0x00000000ffd80000)
 ParOldGen       total 86016K, used 34067K [0x00000000e0000000, 0x00000000e5400000, 0x00000000f5580000)
  object space 86016K, 39% used [0x00000000e0000000,0x00000000e2144f18,0x00000000e5400000)
 Metaspace       used 13465K, capacity 13704K, committed 14080K, reserved 1060864K
  class space    used 1602K, capacity 1672K, committed 1792K, reserved 1048576K
}
Event: 372.244 GC heap before
{Heap before GC invocations=6 (full 0):
 PSYoungGen      total 70656K, used 70626K [0x00000000f5580000, 0x00000000ffd80000, 0x0000000100000000)
  eden space 65536K, 100% used [0x00000000f5580000,0x00000000f9580000,0x00000000f9580000)
  from space 5120K, 99% used [0x00000000f9580000,0x00000000f9a78850,0x00000000f9a80000)
  to   space 20480K, 0% used [0x00000000fe980000,0x00000000fe980000,0x00000000ffd80000)
 ParOldGen       total 86016K, used 34067K [0x00000000e0000000, 0x00000000e5400000, 0x00000000f5580000)
  object space 86016K, 39% used [0x00000000e0000000,0x00000000e2144f18,0x00000000e5400000)
 Metaspace       used 13533K, capacity 13716K, committed 14080K, reserved 1060864K
  class space    used 1605K, capacity 1674K, committed 1792K, reserved 1048576K
Event: 372.259 GC heap after
Heap after GC invocations=6 (full 0):
 PSYoungGen      total 150528K, used 13108K [0x00000000f5580000, 0x00000000ffc80000, 0x0000000100000000)
  eden space 131072K, 0% used [0x00000000f5580000,0x00000000f5580000,0x00000000fd580000)
  from space 19456K, 67% used [0x00000000fe980000,0x00000000ff64d070,0x00000000ffc80000)
  to   space 19968K, 0% used [0x00000000fd580000,0x00000000fd580000,0x00000000fe900000)
 ParOldGen       total 86016K, used 34067K [0x00000000e0000000, 0x00000000e5400000, 0x00000000f5580000)
  object space 86016K, 39% used [0x00000000e0000000,0x00000000e2144f18,0x00000000e5400000)
 Metaspace       used 13533K, capacity 13716K, committed 14080K, reserved 1060864K
  class space    used 1605K, capacity 1674K, committed 1792K, reserved 1048576K
}
Event: 372.762 GC heap before
{Heap before GC invocations=7 (full 0):
 PSYoungGen      total 150528K, used 144180K [0x00000000f5580000, 0x00000000ffc80000, 0x0000000100000000)
  eden space 131072K, 100% used [0x00000000f5580000,0x00000000fd580000,0x00000000fd580000)
  from space 19456K, 67% used [0x00000000fe980000,0x00000000ff64d070,0x00000000ffc80000)
  to   space 19968K, 0% used [0x00000000fd580000,0x00000000fd580000,0x00000000fe900000)
 ParOldGen       total 86016K, used 34067K [0x00000000e0000000, 0x00000000e5400000, 0x00000000f5580000)
  object space 86016K, 39% used [0x00000000e0000000,0x00000000e2144f18,0x00000000e5400000)
 Metaspace       used 13643K, capacity 13874K, committed 14080K, reserved 1060864K
  class space    used 1608K, capacity 1679K, committed 1792K, reserved 1048576K
Event: 372.808 GC heap after
Heap after GC invocations=7 (full 0):
 PSYoungGen      total 151040K, used 19955K [0x00000000f5580000, 0x0000000100000000, 0x0000000100000000)
  eden space 131072K, 0% used [0x00000000f5580000,0x00000000f5580000,0x00000000fd580000)
  from space 19968K, 99% used [0x00000000fd580000,0x00000000fe8fce78,0x00000000fe900000)
  to   space 23552K, 0% used [0x00000000fe900000,0x00000000fe900000,0x0000000100000000)
 ParOldGen       total 86016K, used 47785K [0x00000000e0000000, 0x00000000e5400000, 0x00000000f5580000)
  object space 86016K, 55% used [0x00000000e0000000,0x00000000e2eaa540,0x00000000e5400000)
 Metaspace       used 13643K, capacity 13874K, committed 14080K, reserved 1060864K
  class space    used 1608K, capacity 1679K, committed 1792K, reserved 1048576K
}
Event: 1184.000 GC heap before
{Heap before GC invocations=8 (full 0):
 PSYoungGen      total 151040K, used 151027K [0x00000000f5580000, 0x0000000100000000, 0x0000000100000000)
  eden space 131072K, 100% used [0x00000000f5580000,0x00000000fd580000,0x00000000fd580000)
  from space 19968K, 99% used [0x00000000fd580000,0x00000000fe8fce78,0x00000000fe900000)
  to   space 23552K, 0% used [0x00000000fe900000,0x00000000fe900000,0x0000000100000000)
 ParOldGen       total 86016K, used 47785K [0x00000000e0000000, 0x00000000e5400000, 0x00000000f5580000)
  object space 86016K, 55% used [0x00000000e0000000,0x00000000e2eaa540,0x00000000e5400000)
 Metaspace       used 13700K, capacity 13938K, committed 14080K, reserved 1060864K
  class space    used 1608K, capacity 1679K, committed 1792K, reserved 1048576K
Event: 1184.028 GC heap after
Heap after GC invocations=8 (full 0):
 PSYoungGen      total 124416K, used 23544K [0x00000000f5580000, 0x0000000100000000, 0x0000000100000000)
  eden space 100864K, 0% used [0x00000000f5580000,0x00000000f5580000,0x00000000fb800000)
  from space 23552K, 99% used [0x00000000fe900000,0x00000000ffffe008,0x0000000100000000)
  to   space 36864K, 0% used [0x00000000fb800000,0x00000000fb800000,0x00000000fdc00000)
 ParOldGen       total 86016K, used 60146K [0x00000000e0000000, 0x00000000e5400000, 0x00000000f5580000)
  object space 86016K, 69% used [0x00000000e0000000,0x00000000e3abc910,0x00000000e5400000)
 Metaspace       used 13700K, capacity 13938K, committed 14080K, reserved 1060864K
  class space    used 1608K, capacity 1679K, committed 1792K, reserved 1048576K
}
Event: 1184.369 GC heap before
{Heap before GC invocations=9 (full 0):
 PSYoungGen      total 124416K, used 124408K [0x00000000f5580000, 0x0000000100000000, 0x0000000100000000)
  eden space 100864K, 100% used [0x00000000f5580000,0x00000000fb800000,0x00000000fb800000)
  from space 23552K, 99% used [0x00000000fe900000,0x00000000ffffe008,0x0000000100000000)
  to   space 36864K, 0% used [0x00000000fb800000,0x00000000fb800000,0x00000000fdc00000)
 ParOldGen       total 86016K, used 60146K [0x00000000e0000000, 0x00000000e5400000, 0x00000000f5580000)
  object space 86016K, 69% used [0x00000000e0000000,0x00000000e3abc910,0x00000000e5400000)
 Metaspace       used 13783K, capacity 13956K, committed 14080K, reserved 1060864K
  class space    used 1609K, capacity 1682K, committed 1792K, reserved 1048576K
Event: 1184.395 GC heap after
Heap after GC invocations=9 (full 0):
 PSYoungGen      total 137728K, used 36839K [0x00000000f5580000, 0x0000000100000000, 0x0000000100000000)
  eden space 100864K, 0% used [0x00000000f5580000,0x00000000f5580000,0x00000000fb800000)
  from space 36864K, 99% used [0x00000000fb800000,0x00000000fdbf9d30,0x00000000fdc00000)
  to   space 36864K, 0% used [0x00000000fdc00000,0x00000000fdc00000,0x0000000100000000)
 ParOldGen       total 86016K, used 67521K [0x00000000e0000000, 0x00000000e5400000, 0x00000000f5580000)
  object space 86016K, 78% used [0x00000000e0000000,0x00000000e41f0430,0x00000000e5400000)
 Metaspace       used 13783K, capacity 13956K, committed 14080K, reserved 1060864K
  class space    used 1609K, capacity 1682K, committed 1792K, reserved 1048576K
}

Deoptimization events (10 events):
Event: 3777.458 Thread 0x00000000061ce000 Uncommon trap: reason=bimorphic action=maybe_recompile pc=0x000000001b14e6a4 method=java.util.TreeMap.put(Ljava/lang/Object;Ljava/lang/Object;)Ljava/lang/Object; @ 68
Event: 3777.458 Thread 0x00000000061ce000 Uncommon trap: reason=bimorphic action=maybe_recompile pc=0x000000001b14e6a4 method=java.util.TreeMap.put(Ljava/lang/Object;Ljava/lang/Object;)Ljava/lang/Object; @ 68
Event: 3777.458 Thread 0x00000000061ce000 Uncommon trap: reason=predicate action=maybe_recompile pc=0x000000001b39fa04 method=java.util.TreeMap.getEntryUsingComparator(Ljava/lang/Object;)Ljava/util/TreeMap$Entry; @ 22
Event: 3777.459 Thread 0x00000000061ce000 Uncommon trap: reason=unstable_if action=reinterpret pc=0x000000001b32bc9c method=java.lang.String.regionMatches(ZILjava/lang/String;II)Z @ 123
Event: 3777.487 Thread 0x00000000061ce000 Uncommon trap: reason=unstable_if action=reinterpret pc=0x000000001ad1cd34 method=java.lang.ref.SoftReference.get()Ljava/lang/Object; @ 6
Event: 3777.491 Thread 0x00000000061ce000 Uncommon trap: reason=unstable_if action=reinterpret pc=0x000000001abc0420 method=sun.misc.MetaIndex.mayContain(Ljava/lang/String;)Z @ 38
Event: 3777.562 Thread 0x00000000061ce000 Uncommon trap: reason=unstable_if action=reinterpret pc=0x000000001b2fc0f4 method=java.util.regex.Matcher.replaceAll(Ljava/lang/String;)Ljava/lang/String; @ 11
Event: 3777.567 Thread 0x00000000061ce000 Uncommon trap: reason=class_check action=maybe_recompile pc=0x000000001b32d5c0 method=java.util.Hashtable.get(Ljava/lang/Object;)Ljava/lang/Object; @ 45
Event: 3777.573 Thread 0x00000000061ce000 Uncommon trap: reason=class_check action=maybe_recompile pc=0x000000001b32d5c0 method=java.util.Hashtable.get(Ljava/lang/Object;)Ljava/lang/Object; @ 45
Event: 3777.592 Thread 0x00000000061ce000 Uncommon trap: reason=unstable_if action=reinterpret pc=0x000000001aefe13c method=java.lang.String.regionMatches(ZILjava/lang/String;II)Z @ 123

Classes redefined (0 events):
No events

Internal exceptions (10 events):
Event: 1184.459 Thread 0x00000000061ce000 Exception <a 'java/lang/NoSuchFieldError': TYPE> (0x00000000f6829590) thrown at [C:\re\workspace\8-2-build-windows-amd64-cygwin\jdk8u191\11896\hotspot\src\share\vm\prims\jni.cpp, line 2599]
Event: 1184.459 Thread 0x00000000061ce000 Exception <a 'java/lang/NoSuchFieldError': TYPE> (0x00000000f68297c8) thrown at [C:\re\workspace\8-2-build-windows-amd64-cygwin\jdk8u191\11896\hotspot\src\share\vm\prims\jni.cpp, line 2599]
Event: 1184.459 Thread 0x00000000061ce000 Exception <a 'java/lang/NoSuchFieldError': TYPE> (0x00000000f6829a00) thrown at [C:\re\workspace\8-2-build-windows-amd64-cygwin\jdk8u191\11896\hotspot\src\share\vm\prims\jni.cpp, line 2599]
Event: 1184.459 Thread 0x00000000061ce000 Exception <a 'java/lang/NoSuchFieldError': TYPE> (0x00000000f6829c38) thrown at [C:\re\workspace\8-2-build-windows-amd64-cygwin\jdk8u191\11896\hotspot\src\share\vm\prims\jni.cpp, line 2599]
Event: 1184.460 Thread 0x00000000061ce000 Exception <a 'java/lang/NoSuchFieldError': TYPE> (0x00000000f6829e70) thrown at [C:\re\workspace\8-2-build-windows-amd64-cygwin\jdk8u191\11896\hotspot\src\share\vm\prims\jni.cpp, line 2599]
Event: 1184.460 Thread 0x00000000061ce000 Exception <a 'java/lang/NoSuchFieldError': TYPE> (0x00000000f682a0a8) thrown at [C:\re\workspace\8-2-build-windows-amd64-cygwin\jdk8u191\11896\hotspot\src\share\vm\prims\jni.cpp, line 2599]
Event: 3418.948 Thread 0x00000000061ce000 Exception <a 'java/io/FileNotFoundException'> (0x00000000f6844de0) thrown at [C:\re\workspace\8-2-build-windows-amd64-cygwin\jdk8u191\11896\hotspot\src\share\vm\prims\jni.cpp, line 709]
Event: 3419.028 Thread 0x00000000061ce000 Exception <a 'java/lang/NoSuchFieldError': method resolution failed> (0x00000000f69137c8) thrown at [C:\re\workspace\8-2-build-windows-amd64-cygwin\jdk8u191\11896\hotspot\src\share\vm\prims\methodHandles.cpp, line 1167]
Event: 3419.031 Thread 0x00000000061ce000 Exception <a 'java/lang/NoSuchFieldError': method resolution failed> (0x00000000f6920ab8) thrown at [C:\re\workspace\8-2-build-windows-amd64-cygwin\jdk8u191\11896\hotspot\src\share\vm\prims\methodHandles.cpp, line 1167]
Event: 3419.141 Thread 0x00000000061ce000 Exception <a 'java/io/FileNotFoundException'> (0x00000000f69d9810) thrown at [C:\re\workspace\8-2-build-windows-amd64-cygwin\jdk8u191\11896\hotspot\src\share\vm\prims\jni.cpp, line 709]

Events (10 events):
Event: 3777.631 loading class javax/swing/ButtonModel done
Event: 3777.631 loading class javax/swing/DefaultButtonModel done
Event: 3777.631 loading class javax/swing/AbstractButton$Handler
Event: 3777.631 loading class javax/swing/AbstractButton$Handler done
Event: 3777.632 loading class com/sun/java/swing/plaf/windows/WindowsButtonUI
Event: 3777.632 loading class javax/swing/plaf/basic/BasicButtonUI
Event: 3777.633 loading class javax/swing/plaf/ButtonUI
Event: 3777.633 loading class javax/swing/plaf/ButtonUI done
Event: 3777.633 loading class javax/swing/plaf/basic/BasicButtonUI done
Event: 3777.633 loading class com/sun/java/swing/plaf/windows/WindowsButtonUI done


Dynamic libraries:
0x0000000000400000 - 0x0000000001101000 	C:\Program Files\RStudio\bin\x64\rsession.exe
0x00007ffc1d4e0000 - 0x00007ffc1d6d0000 	C:\WINDOWS\SYSTEM32\ntdll.dll
0x00007ffc1d380000 - 0x00007ffc1d432000 	C:\WINDOWS\System32\KERNEL32.DLL
0x00007ffc1b2e0000 - 0x00007ffc1b583000 	C:\WINDOWS\System32\KERNELBASE.dll
0x00007ffc1d2a0000 - 0x00007ffc1d343000 	C:\WINDOWS\System32\ADVAPI32.dll
0x00007ffc1c4b0000 - 0x00007ffc1c54e000 	C:\WINDOWS\System32\msvcrt.dll
0x00007ffc1c400000 - 0x00007ffc1c497000 	C:\WINDOWS\System32\sechost.dll
0x00007ffc1c7d0000 - 0x00007ffc1c8f0000 	C:\WINDOWS\System32\RPCRT4.dll
0x00007ffc1b9e0000 - 0x00007ffc1ba06000 	C:\WINDOWS\System32\GDI32.dll
0x00007ffc1a490000 - 0x00007ffc1a4b1000 	C:\WINDOWS\System32\win32u.dll
0x00007ffc1b140000 - 0x00007ffc1b2d4000 	C:\WINDOWS\System32\gdi32full.dll
0x00007ffc1b0a0000 - 0x00007ffc1b13e000 	C:\WINDOWS\System32\msvcp_win.dll
0x00007ffc1afa0000 - 0x00007ffc1b09a000 	C:\WINDOWS\System32\ucrtbase.dll
0x00007ffc1ba30000 - 0x00007ffc1bbc4000 	C:\WINDOWS\System32\USER32.dll
0x00007ffc1b7a0000 - 0x00007ffc1b8f6000 	C:\WINDOWS\System32\ole32.dll
0x00007ffc1cf60000 - 0x00007ffc1d296000 	C:\WINDOWS\System32\combase.dll
0x00007ffc1af20000 - 0x00007ffc1afa0000 	C:\WINDOWS\System32\bcryptPrimitives.dll
0x00007ffc19bc0000 - 0x00007ffc19c27000 	C:\WINDOWS\SYSTEM32\MSWSOCK.dll
0x00007ffc1bc90000 - 0x00007ffc1c375000 	C:\WINDOWS\System32\SHELL32.dll
0x00007ffc1cef0000 - 0x00007ffc1cf5f000 	C:\WINDOWS\System32\WS2_32.dll
0x00007ffc1ac70000 - 0x00007ffc1acba000 	C:\WINDOWS\System32\cfgmgr32.dll
0x00007ffc1cde0000 - 0x00007ffc1ce89000 	C:\WINDOWS\System32\shcore.dll
0x00007ffc1a4c0000 - 0x00007ffc1ac3e000 	C:\WINDOWS\System32\windows.storage.dll
0x00007ffc1a410000 - 0x00007ffc1a42f000 	C:\WINDOWS\System32\profapi.dll
0x00007ffc1a3c0000 - 0x00007ffc1a40a000 	C:\WINDOWS\System32\powrprof.dll
0x00007ffc1a3b0000 - 0x00007ffc1a3c0000 	C:\WINDOWS\System32\UMPDC.dll
0x00007ffc1b900000 - 0x00007ffc1b952000 	C:\WINDOWS\System32\shlwapi.dll
0x00007ffc1a430000 - 0x00007ffc1a441000 	C:\WINDOWS\System32\kernel.appcore.dll
0x00007ffc1a470000 - 0x00007ffc1a487000 	C:\WINDOWS\System32\cryptsp.dll
0x0000000063540000 - 0x00000000635a1000 	C:\Program Files\R\R-3.5.1\bin\x64\Rgraphapp.dll
0x000000006c700000 - 0x000000006e59d000 	C:\Program Files\R\R-3.5.1\bin\x64\R.dll
0x00007ffc1c550000 - 0x00007ffc1c620000 	C:\WINDOWS\System32\comdlg32.dll
0x00007ffc1d350000 - 0x00007ffc1d37e000 	C:\WINDOWS\System32\IMM32.dll
0x0000000064e80000 - 0x0000000064ed2000 	C:\Program Files\R\R-3.5.1\bin\x64\Rblas.dll
0x00007ffc11360000 - 0x00007ffc11384000 	C:\WINDOWS\SYSTEM32\WINMM.dll
0x00007ffc0ec60000 - 0x00007ffc0ec6a000 	C:\WINDOWS\SYSTEM32\VERSION.dll
0x00000000641c0000 - 0x00000000641d6000 	C:\Program Files\R\R-3.5.1\bin\x64\Riconv.dll
0x00007ffc0a820000 - 0x00007ffc0a8c9000 	C:\WINDOWS\WinSxS\amd64_microsoft.windows.common-controls_6595b64144ccf1df_5.82.18362.476_none_2a2a02a24667b734\COMCTL32.dll
0x00007ffbe4730000 - 0x00007ffbe4737000 	C:\WINDOWS\SYSTEM32\MSIMG32.dll
0x00007ffc10e80000 - 0x00007ffc10ead000 	C:\WINDOWS\SYSTEM32\WINMMBASE.dll
0x00007ffc183f0000 - 0x00007ffc18489000 	C:\WINDOWS\system32\uxtheme.dll
0x0000000064a40000 - 0x0000000064a54000 	C:\Program Files\R\R-3.5.1\library\methods\libs\x64\methods.dll
0x000000006e5c0000 - 0x000000006e5ed000 	C:\Program Files\R\R-3.5.1\library\utils\libs\x64\utils.dll
0x000000006fc80000 - 0x000000006fdaa000 	C:\Program Files\R\R-3.5.1\library\grDevices\libs\x64\grDevices.dll
0x0000000063740000 - 0x0000000063791000 	C:\Program Files\R\R-3.5.1\library\graphics\libs\x64\graphics.dll
0x0000000071100000 - 0x00000000711a8000 	C:\Program Files\R\R-3.5.1\library\stats\libs\x64\stats.dll
0x000000000ce50000 - 0x000000000d112000 	C:\Program Files\R\R-3.5.1\bin\x64\Rlapack.dll
0x00000000118f0000 - 0x0000000012d02000 	C:\Program Files\RStudio\bin\rsclang\x86_64\libclang.dll
0x00007ffc1ba10000 - 0x00007ffc1ba2d000 	C:\WINDOWS\System32\imagehlp.dll
0x0000000012fd0000 - 0x0000000012ff0000 	C:\Program Files\R\R-3.5.1\library\tools\libs\x64\tools.dll
0x0000000065700000 - 0x0000000065b28000 	C:\PROGRA~1\R\R-35~1.1\modules\x64\internet.dll
0x00007ffc1add0000 - 0x00007ffc1af19000 	C:\WINDOWS\System32\CRYPT32.dll
0x00007ffc1a450000 - 0x00007ffc1a462000 	C:\WINDOWS\System32\MSASN1.dll
0x00007ffc1c900000 - 0x00007ffc1c968000 	C:\WINDOWS\System32\WLDAP32.dll
0x00007ffbfdfc0000 - 0x00007ffbfe496000 	C:\WINDOWS\SYSTEM32\WININET.dll
0x00007ffc1a2a0000 - 0x00007ffc1a2cf000 	C:\WINDOWS\SYSTEM32\SspiCli.dll
0x000000006b480000 - 0x000000006b4b2000 	C:\Users\Neal\Documents\R\win-library\3.5\yaml\libs\x64\yaml.dll
0x00007ffc19410000 - 0x00007ffc19441000 	C:\WINDOWS\SYSTEM32\ntmarta.dll
0x000000006c500000 - 0x000000006c51e000 	C:\Users\Neal\Documents\R\win-library\3.5\digest\libs\x64\digest.dll
0x000000006abc0000 - 0x000000006acc7000 	C:\Users\Neal\Documents\R\win-library\3.5\Rcpp\libs\x64\Rcpp.dll
0x0000000065340000 - 0x00000000653fd000 	C:\Users\Neal\Documents\R\win-library\3.5\htmltools\libs\x64\htmltools.dll
0x0000000069540000 - 0x000000006954d000 	C:\Users\Neal\Documents\R\win-library\3.5\backports\libs\x64\backports.dll
0x0000000064080000 - 0x0000000064096000 	C:\Users\Neal\Documents\R\win-library\3.5\rJava\libs\x64\rJava.dll
0x0000000050ae0000 - 0x0000000051384000 	C:\Program Files\Java\jre1.8.0_191\bin\server\jvm.dll
0x00007ffc1bbd0000 - 0x00007ffc1bbd8000 	C:\WINDOWS\System32\PSAPI.DLL
0x00007ffc15b40000 - 0x00007ffc15b49000 	C:\WINDOWS\SYSTEM32\WSOCK32.dll
0x00000000518c0000 - 0x0000000051992000 	C:\WINDOWS\SYSTEM32\MSVCR100.dll
0x0000000051c10000 - 0x0000000051c1f000 	C:\Program Files\Java\jre1.8.0_191\bin\verify.dll
0x0000000051be0000 - 0x0000000051c09000 	C:\Program Files\Java\jre1.8.0_191\bin\java.dll
0x00000000518a0000 - 0x00000000518b6000 	C:\Program Files\Java\jre1.8.0_191\bin\zip.dll
0x000000003d740000 - 0x000000003d762000 	C:\Users\Neal\Documents\R\win-library\3.5\rlang\libs\x64\rlang.dll
0x000000003d770000 - 0x000000003d849000 	C:\Users\Neal\Documents\R\win-library\3.5\bindrcpp\libs\x64\bindrcpp.dll
0x0000000063400000 - 0x000000006340e000 	C:\Users\Neal\Documents\R\win-library\3.5\glue\libs\x64\glue.dll
0x0000000061c00000 - 0x0000000061c0e000 	C:\Users\Neal\Documents\R\win-library\3.5\tibble\libs\x64\tibble.dll
0x0000000065b40000 - 0x0000000065b4f000 	C:\Users\Neal\Documents\R\win-library\3.5\purrr\libs\x64\purrr.dll
0x0000000068900000 - 0x00000000689c2000 	C:\Users\Neal\Documents\R\win-library\3.5\tidyselect\libs\x64\tidyselect.dll
0x000000003d850000 - 0x000000003daa9000 	C:\Users\Neal\Documents\R\win-library\3.5\dplyr\libs\x64\dplyr.dll
0x000000006ea80000 - 0x000000006eaa8000 	C:\Program Files\R\R-3.5.1\library\grid\libs\x64\grid.dll
0x000000003dab0000 - 0x000000003dabf000 	C:\Program Files\R\R-3.5.1\library\lattice\libs\x64\lattice.dll
0x000000006b1c0000 - 0x000000006b1dc000 	C:\Program Files\R\R-3.5.1\library\nlme\libs\x64\nlme.dll
0x000000006a8c0000 - 0x000000006a98c000 	C:\Users\Neal\Documents\R\win-library\3.5\tidyr\libs\x64\tidyr.dll
0x000000003dac0000 - 0x000000003dad7000 	C:\Users\Neal\Documents\R\win-library\3.5\colorspace\libs\x64\colorspace.dll
0x0000000062dc0000 - 0x0000000062e82000 	C:\Users\Neal\Documents\R\win-library\3.5\scales\libs\x64\scales.dll
0x00000000629c0000 - 0x00000000629ce000 	C:\Users\Neal\Documents\R\win-library\3.5\lazyeval\libs\x64\lazyeval.dll
0x0000000066340000 - 0x00000000663fd000 	C:\Users\Neal\Documents\R\win-library\3.5\plyr\libs\x64\plyr.dll
0x0000000067540000 - 0x0000000067651000 	C:\Users\Neal\Documents\R\win-library\3.5\haven\libs\x64\haven.dll
0x00000000640c0000 - 0x00000000640e2000 	C:\Users\Neal\Documents\R\win-library\3.5\jsonlite\libs\x64\jsonlite.dll
0x000000006bd40000 - 0x000000006c1eb000 	C:\Users\Neal\Documents\R\win-library\3.5\stringi\libs\x64\stringi.dll
0x000000003f490000 - 0x000000003f56b000 	C:\Users\Neal\Documents\R\win-library\3.5\lubridate\libs\x64\lubridate.dll
0x0000000062840000 - 0x0000000062983000 	C:\Users\Neal\Documents\R\win-library\3.5\readr\libs\x64\readr.dll
0x000000003f5f0000 - 0x000000003f5fd000 	C:\Users\Neal\Documents\R\win-library\3.5\readr\libs\x64\librcon.lib
0x000000003f600000 - 0x000000003f701000 	C:\Users\Neal\Documents\R\win-library\3.5\readxl\libs\x64\readxl.dll
0x0000000069d00000 - 0x000000006a022000 	C:\Users\Neal\Documents\R\win-library\3.5\xml2\libs\x64\xml2.dll
0x000000006e680000 - 0x000000006e746000 	C:\Users\Neal\Documents\R\win-library\3.5\reshape2\libs\x64\reshape2.dll
0x0000000069300000 - 0x00000000693db000 	C:\Users\Neal\Documents\R\win-library\3.5\data.table\libs\x64\datatable.dll
0x0000000069080000 - 0x0000000069153000 	C:\Users\Neal\Documents\R\win-library\3.5\ModelMetrics\libs\x64\ModelMetrics.dll
0x0000000045a10000 - 0x0000000045ad1000 	C:\Program Files\R\R-3.5.1\library\Matrix\libs\x64\Matrix.dll
0x00000000703c0000 - 0x00000000703de000 	C:\Users\Neal\Documents\R\win-library\3.5\gower\libs\x64\gower.dll
0x00000000491d0000 - 0x00000000491df000 	C:\Program Files\R\R-3.5.1\library\class\libs\x64\class.dll
0x0000000049320000 - 0x0000000049337000 	C:\Program Files\R\R-3.5.1\library\rpart\libs\x64\rpart.dll
0x000000006ed40000 - 0x000000006ed52000 	C:\Program Files\R\R-3.5.1\library\MASS\libs\x64\MASS.dll
0x000000006f7c0000 - 0x000000006f7cf000 	C:\Program Files\R\R-3.5.1\library\splines\libs\x64\splines.dll
0x00000000688c0000 - 0x00000000688ed000 	C:\Program Files\R\R-3.5.1\library\survival\libs\x64\survival.dll
0x000000004aa10000 - 0x000000004aa20000 	C:\Program Files\R\R-3.5.1\library\nnet\libs\x64\nnet.dll
0x000000004b9a0000 - 0x000000004b9b2000 	C:\Users\Neal\Documents\R\win-library\3.5\prodlim\libs\x64\prodlim.dll
0x0000000064640000 - 0x000000006464e000 	C:\Users\Neal\Documents\R\win-library\3.5\ipred\libs\x64\ipred.dll
0x000000004d810000 - 0x000000004d81e000 	C:\Users\Neal\Documents\R\win-library\3.5\caret\libs\x64\caret.dll
0x00007ffc1b660000 - 0x00007ffc1b796000 	C:\WINDOWS\System32\MSCTF.dll
0x00007ffc1b590000 - 0x00007ffc1b654000 	C:\WINDOWS\System32\OLEAUT32.dll
0x00007ffc0a3b0000 - 0x00007ffc0a635000 	C:\WINDOWS\WinSxS\amd64_microsoft.windows.common-controls_6595b64144ccf1df_6.0.18362.476_none_e6c4b11b130f2595\comctl32.DLL
0x00007ffc095c0000 - 0x00007ffc0965e000 	C:\WINDOWS\SYSTEM32\TextInputFramework.dll
0x00007ffc08a80000 - 0x00007ffc08daa000 	C:\WINDOWS\SYSTEM32\CoreUIComponents.dll
0x00007ffc17d40000 - 0x00007ffc17e14000 	C:\WINDOWS\SYSTEM32\CoreMessaging.dll
0x00007ffc16190000 - 0x00007ffc162e3000 	C:\WINDOWS\SYSTEM32\wintypes.dll
0x00007ffc0c920000 - 0x00007ffc0cbc6000 	C:\WINDOWS\SYSTEM32\iertutil.dll
0x000000004f800000 - 0x000000004f854000 	C:\Users\Neal\Documents\R\win-library\3.5\e1071\libs\x64\e1071.dll
0x000000006f0c0000 - 0x000000006f1e9000 	C:\Users\Neal\Documents\R\win-library\3.5\ranger\libs\x64\ranger.dll
0x00007ffbf1c70000 - 0x00007ffbf1c86000 	C:\WINDOWS\SYSTEM32\ondemandconnroutehelper.dll
0x00007ffc119a0000 - 0x00007ffc11a90000 	C:\WINDOWS\SYSTEM32\winhttp.dll
0x00007ffc198d0000 - 0x00007ffc1990a000 	C:\WINDOWS\SYSTEM32\IPHLPAPI.DLL
0x00007ffc1c8f0000 - 0x00007ffc1c8f8000 	C:\WINDOWS\System32\NSI.dll
0x00007ffc14e40000 - 0x00007ffc14e4b000 	C:\WINDOWS\SYSTEM32\WINNSI.DLL
0x00007ffc1a2d0000 - 0x00007ffc1a2f5000 	C:\WINDOWS\SYSTEM32\USERENV.dll
0x00007ffc0d9b0000 - 0x00007ffc0db86000 	C:\WINDOWS\SYSTEM32\urlmon.dll
0x00007ffc19d90000 - 0x00007ffc19d9c000 	C:\WINDOWS\SYSTEM32\CRYPTBASE.DLL
0x00007ffc19910000 - 0x00007ffc199da000 	C:\WINDOWS\SYSTEM32\DNSAPI.dll
0x00007ffc11550000 - 0x00007ffc1155a000 	C:\Windows\System32\rasadhlp.dll
0x00007ffc12f10000 - 0x00007ffc12f87000 	C:\WINDOWS\System32\fwpuclnt.dll

VM Arguments:
jvm_args: -Dr.arch=/x64 -Xmx512m -Xrs 
java_command: <unknown>
java_class_path (initial): C:/Users/Neal/Documents/R/win-library/3.5/rJava/java/boot
Launcher Type: generic

Environment Variables:
PATH=C:\Program Files\R\R-3.5.1\bin\x64;C:\Program Files (x86)\Common Files\Oracle\Java\javapath;C:\ProgramData\Oracle\Java\javapath;C:\WINDOWS\system32;C:\WINDOWS;C:\WINDOWS\System32\Wbem;C:\WINDOWS\System32\WindowsPowerShell\v1.0\;C:\WINDOWS\System32\OpenSSH\;C:\PostgreSQL\pg10\bin;C:\ProgramData\chocolatey\bin;C:\MinGW\bin;C:\Program Files\Git\cmd;C:\Users\Neal\AppData\Roaming\TinyTeX\bin\win32;C:\Users\Neal\AppData\Local\Microsoft\WindowsApps;C:\Users\Neal\AppData\Local\atom\bin;C:\MinGW\bin;C:\Users\Neal\AppData\Local\Microsoft\WindowsApps
USERNAME=Neal
DISPLAY=:0
OS=Windows_NT
PROCESSOR_IDENTIFIER=Intel64 Family 6 Model 142 Stepping 9, GenuineIntel



---------------  S Y S T E M  ---------------

OS: Windows 10.0 , 64 bit Build 18362 (10.0.18362.329)

CPU:total 4 (initial active 4) (2 cores per cpu, 2 threads per core) family 6 model 142 stepping 9, cmov, cx8, fxsr, mmx, sse, sse2, sse3, ssse3, sse4.1, sse4.2, popcnt, avx, avx2, aes, clmul, erms, 3dnowpref, lzcnt, ht, tsc, tscinvbit, bmi1, bmi2, adx

Memory: 4k page, physical 8243596k(3147172k free), swap 16149484k(8466152k free)

vm_info: Java HotSpot(TM) 64-Bit Server VM (25.191-b12) for windows-amd64 JRE (1.8.0_191-b12), built on Oct  6 2018 09:29:03 by "java_re" with MS VC++ 10.0 (VS2010)

time: Mon Nov 25 09:09:20 2019
elapsed time: 3777 seconds (0d 1h 2m 57s)

